01-html/01-basic-html/01-what-is-html/01-what-is-html/note
01-html/01-basic-html/01-what-is-html/02-attributes/note
01-html/01-basic-html/01-what-is-html/03-link-element/note
01-html/01-basic-html/01-what-is-html/04-boilerplate/note
01-html/01-basic-html/01-what-is-html/05-utf/note
01-html/01-basic-html/04-html-fundamentals/01-div-element/note
01-html/01-basic-html/04-html-fundamentals/02-ID-element/note
01-html/01-basic-html/04-html-fundamentals/03-entities/note
01-html/01-basic-html/04-html-fundamentals/04-script/note
01-html/01-basic-html/04-html-fundamentals/05-meta-description/note
01-html/01-basic-html/04-html-fundamentals/06-open-graph/note
01-html/01-basic-html/06-working-with-media/01-replased-elements/note
01-html/01-basic-html/06-working-with-media/02-optimize-media/note
01-html/01-basic-html/06-working-with-media/03-permission-license/note
01-html/01-basic-html/06-working-with-media/04-svg/note
01-html/01-basic-html/06-working-with-media/05-audio-video/note
01-html/01-basic-html/06-working-with-media/06-iframe/note
01-html/01-basic-html/08-working-with-links/01-target-attribute/note
01-html/01-basic-html/08-working-with-links/02-path/note
01-html/01-basic-html/08-working-with-links/03-link-states/note
01-html/01-basic-html/09-basis-html-review/note
01-html/02-semantic-html/01-mportance-of-semantic-HTML/01-why-care/note
02-css/01-first/01-lesson/note
